<?xml version="1.0" encoding="UTF-8"?>
<coverage generated="1651465176915" clover="3.2.0">
  <project timestamp="1651465176915" name="All files">
    <metrics statements="26" coveredstatements="17" conditionals="18" coveredconditionals="9" methods="15" coveredmethods="10" elements="59" coveredelements="36" complexity="0" loc="26" ncloc="26" packages="1" files="6" classes="6"/>
    <file name="EventEdit.js" path="/Users/learnacademy/Desktop/winnerscapstone/app/javascript/components/pages/EventEdit.js">
      <metrics statements="8" coveredstatements="6" conditionals="2" coveredconditionals="1" methods="4" coveredmethods="3"/>
      <line num="7" count="1" type="stmt"/>
      <line num="8" count="1" type="stmt"/>
      <line num="17" count="1" type="stmt"/>
      <line num="18" count="1" type="stmt"/>
      <line num="23" count="1" type="stmt"/>
      <line num="24" count="0" type="stmt"/>
      <line num="25" count="0" type="stmt"/>
      <line num="28" count="3" type="stmt"/>
    </file>
    <file name="EventHome.js" path="/Users/learnacademy/Desktop/winnerscapstone/app/javascript/components/pages/EventHome.js">
      <metrics statements="1" coveredstatements="1" conditionals="0" coveredconditionals="0" methods="1" coveredmethods="1"/>
      <line num="5" count="1" type="stmt"/>
    </file>
    <file name="EventIndex.js" path="/Users/learnacademy/Desktop/winnerscapstone/app/javascript/components/pages/EventIndex.js">
      <metrics statements="3" coveredstatements="1" conditionals="2" coveredconditionals="1" methods="2" coveredmethods="1"/>
      <line num="7" count="1" type="stmt"/>
      <line num="12" count="0" type="stmt"/>
      <line num="13" count="0" type="stmt"/>
    </file>
    <file name="EventNew.js" path="/Users/learnacademy/Desktop/winnerscapstone/app/javascript/components/pages/EventNew.js">
      <metrics statements="7" coveredstatements="4" conditionals="2" coveredconditionals="1" methods="4" coveredmethods="2"/>
      <line num="7" count="1" type="stmt"/>
      <line num="8" count="1" type="stmt"/>
      <line num="17" count="1" type="stmt"/>
      <line num="18" count="0" type="stmt"/>
      <line num="27" count="1" type="stmt"/>
      <line num="80" count="0" type="stmt"/>
      <line num="81" count="0" type="stmt"/>
    </file>
    <file name="EventNotFound.js" path="/Users/learnacademy/Desktop/winnerscapstone/app/javascript/components/pages/EventNotFound.js">
      <metrics statements="1" coveredstatements="1" conditionals="0" coveredconditionals="0" methods="1" coveredmethods="1"/>
      <line num="6" count="2" type="stmt"/>
    </file>
    <file name="EventShow.js" path="/Users/learnacademy/Desktop/winnerscapstone/app/javascript/components/pages/EventShow.js">
      <metrics statements="6" coveredstatements="4" conditionals="12" coveredconditionals="6" methods="3" coveredmethods="2"/>
      <line num="7" count="1" type="stmt"/>
      <line num="8" count="1" type="stmt"/>
      <line num="18" count="1" type="stmt"/>
      <line num="19" count="0" type="stmt"/>
      <line num="20" count="0" type="stmt"/>
      <line num="23" count="1" type="stmt"/>
    </file>
  </project>
</coverage>
