{"/Users/learnacademy/Desktop/winnerscapstone/app/javascript/components/pages/EventEdit.js": {"path":"/Users/learnacademy/Desktop/winnerscapstone/app/javascript/components/pages/EventEdit.js","statementMap":{"0":{"start":{"line":7,"column":4},"end":{"line":7,"column":16}},"1":{"start":{"line":8,"column":4},"end":{"line":14,"column":5}},"2":{"start":{"line":17,"column":17},"end":{"line":21,"column":3}},"3":{"start":{"line":18,"column":4},"end":{"line":20,"column":6}},"4":{"start":{"line":23,"column":17},"end":{"line":26,"column":3}},"5":{"start":{"line":24,"column":4},"end":{"line":24,"column":62}},"6":{"start":{"line":25,"column":4},"end":{"line":25,"column":38}},"7":{"start":{"line":28,"column":4},"end":{"line":86,"column":5}}},"fnMap":{"0":{"name":"(anonymous_0)","decl":{"start":{"line":6,"column":2},"end":{"line":6,"column":3}},"loc":{"start":{"line":6,"column":21},"end":{"line":15,"column":3}},"line":6},"1":{"name":"(anonymous_1)","decl":{"start":{"line":17,"column":17},"end":{"line":17,"column":18}},"loc":{"start":{"line":17,"column":24},"end":{"line":21,"column":3}},"line":17},"2":{"name":"(anonymous_2)","decl":{"start":{"line":23,"column":17},"end":{"line":23,"column":18}},"loc":{"start":{"line":23,"column":23},"end":{"line":26,"column":3}},"line":23},"3":{"name":"(anonymous_3)","decl":{"start":{"line":27,"column":2},"end":{"line":27,"column":3}},"loc":{"start":{"line":27,"column":11},"end":{"line":87,"column":3}},"line":27}},"branchMap":{"0":{"loc":{"start":{"line":83,"column":11},"end":{"line":83,"column":64}},"type":"binary-expr","locations":[{"start":{"line":83,"column":11},"end":{"line":83,"column":31}},{"start":{"line":83,"column":35},"end":{"line":83,"column":64}}],"line":83}},"s":{"0":1,"1":1,"2":1,"3":1,"4":1,"5":0,"6":0,"7":3},"f":{"0":1,"1":1,"2":0,"3":3},"b":{"0":[3,0]},"_coverageSchema":"1a1c01bbd47fc00a2c39e90264f33305004495a9","hash":"715afd6cae3df7ad4a99464e2ffdefc06e20b9e3"}
,"/Users/learnacademy/Desktop/winnerscapstone/app/javascript/components/pages/EventHome.js": {"path":"/Users/learnacademy/Desktop/winnerscapstone/app/javascript/components/pages/EventHome.js","statementMap":{"0":{"start":{"line":5,"column":4},"end":{"line":25,"column":5}}},"fnMap":{"0":{"name":"(anonymous_0)","decl":{"start":{"line":4,"column":2},"end":{"line":4,"column":3}},"loc":{"start":{"line":4,"column":11},"end":{"line":26,"column":3}},"line":4}},"branchMap":{},"s":{"0":1},"f":{"0":1},"b":{},"_coverageSchema":"1a1c01bbd47fc00a2c39e90264f33305004495a9","hash":"9e1648550649f01b5096dca798dd923e7f031e5f"}
,"/Users/learnacademy/Desktop/winnerscapstone/app/javascript/components/pages/EventIndex.js": {"path":"/Users/learnacademy/Desktop/winnerscapstone/app/javascript/components/pages/EventIndex.js","statementMap":{"0":{"start":{"line":7,"column":4},"end":{"line":48,"column":5}},"1":{"start":{"line":12,"column":12},"end":{"line":12,"column":30}},"2":{"start":{"line":13,"column":12},"end":{"line":44,"column":13}}},"fnMap":{"0":{"name":"(anonymous_0)","decl":{"start":{"line":6,"column":2},"end":{"line":6,"column":3}},"loc":{"start":{"line":6,"column":11},"end":{"line":49,"column":3}},"line":6},"1":{"name":"(anonymous_1)","decl":{"start":{"line":11,"column":54},"end":{"line":11,"column":55}},"loc":{"start":{"line":11,"column":68},"end":{"line":45,"column":11}},"line":11}},"branchMap":{"0":{"loc":{"start":{"line":11,"column":11},"end":{"line":45,"column":12}},"type":"binary-expr","locations":[{"start":{"line":11,"column":11},"end":{"line":11,"column":28}},{"start":{"line":11,"column":32},"end":{"line":45,"column":12}}],"line":11}},"s":{"0":1,"1":0,"2":0},"f":{"0":1,"1":0},"b":{"0":[1,0]},"_coverageSchema":"1a1c01bbd47fc00a2c39e90264f33305004495a9","hash":"8b14b3f0b8b7ecc932c77b3d61904663f2625cec"}
,"/Users/learnacademy/Desktop/winnerscapstone/app/javascript/components/pages/EventNew.js": {"path":"/Users/learnacademy/Desktop/winnerscapstone/app/javascript/components/pages/EventNew.js","statementMap":{"0":{"start":{"line":7,"column":2},"end":{"line":7,"column":14}},"1":{"start":{"line":8,"column":2},"end":{"line":14,"column":3}},"2":{"start":{"line":17,"column":19},"end":{"line":22,"column":3}},"3":{"start":{"line":18,"column":6},"end":{"line":21,"column":5}},"4":{"start":{"line":27,"column":4},"end":{"line":88,"column":5}},"5":{"start":{"line":80,"column":14},"end":{"line":80,"column":48}},"6":{"start":{"line":81,"column":14},"end":{"line":81,"column":46}}},"fnMap":{"0":{"name":"(anonymous_0)","decl":{"start":{"line":6,"column":2},"end":{"line":6,"column":3}},"loc":{"start":{"line":6,"column":20},"end":{"line":15,"column":1}},"line":6},"1":{"name":"(anonymous_1)","decl":{"start":{"line":17,"column":19},"end":{"line":17,"column":20}},"loc":{"start":{"line":17,"column":26},"end":{"line":22,"column":3}},"line":17},"2":{"name":"(anonymous_2)","decl":{"start":{"line":26,"column":2},"end":{"line":26,"column":3}},"loc":{"start":{"line":26,"column":11},"end":{"line":89,"column":3}},"line":26},"3":{"name":"(anonymous_3)","decl":{"start":{"line":79,"column":21},"end":{"line":79,"column":22}},"loc":{"start":{"line":79,"column":27},"end":{"line":82,"column":13}},"line":79}},"branchMap":{"0":{"loc":{"start":{"line":85,"column":11},"end":{"line":85,"column":64}},"type":"binary-expr","locations":[{"start":{"line":85,"column":11},"end":{"line":85,"column":31}},{"start":{"line":85,"column":35},"end":{"line":85,"column":64}}],"line":85}},"s":{"0":1,"1":1,"2":1,"3":0,"4":1,"5":0,"6":0},"f":{"0":1,"1":0,"2":1,"3":0},"b":{"0":[1,0]},"_coverageSchema":"1a1c01bbd47fc00a2c39e90264f33305004495a9","hash":"63f9e8f67265d09d0b8a81985310bc3492759b4f"}
,"/Users/learnacademy/Desktop/winnerscapstone/app/javascript/components/pages/EventNotFound.js": {"path":"/Users/learnacademy/Desktop/winnerscapstone/app/javascript/components/pages/EventNotFound.js","statementMap":{"0":{"start":{"line":6,"column":4},"end":{"line":11,"column":5}}},"fnMap":{"0":{"name":"(anonymous_0)","decl":{"start":{"line":5,"column":2},"end":{"line":5,"column":3}},"loc":{"start":{"line":5,"column":11},"end":{"line":12,"column":3}},"line":5}},"branchMap":{},"s":{"0":2},"f":{"0":2},"b":{},"_coverageSchema":"1a1c01bbd47fc00a2c39e90264f33305004495a9","hash":"05224ecde8bc72836ce520b3778e393244f2b715"}
,"/Users/learnacademy/Desktop/winnerscapstone/app/javascript/components/pages/EventShow.js": {"path":"/Users/learnacademy/Desktop/winnerscapstone/app/javascript/components/pages/EventShow.js","statementMap":{"0":{"start":{"line":7,"column":6},"end":{"line":7,"column":18}},"1":{"start":{"line":8,"column":8},"end":{"line":16,"column":9}},"2":{"start":{"line":18,"column":21},"end":{"line":21,"column":13}},"3":{"start":{"line":19,"column":12},"end":{"line":19,"column":58}},"4":{"start":{"line":20,"column":12},"end":{"line":20,"column":44}},"5":{"start":{"line":23,"column":6},"end":{"line":45,"column":7}}},"fnMap":{"0":{"name":"(anonymous_0)","decl":{"start":{"line":6,"column":4},"end":{"line":6,"column":5}},"loc":{"start":{"line":6,"column":22},"end":{"line":17,"column":7}},"line":6},"1":{"name":"(anonymous_1)","decl":{"start":{"line":18,"column":21},"end":{"line":18,"column":22}},"loc":{"start":{"line":18,"column":27},"end":{"line":21,"column":13}},"line":18},"2":{"name":"(anonymous_2)","decl":{"start":{"line":22,"column":4},"end":{"line":22,"column":5}},"loc":{"start":{"line":22,"column":13},"end":{"line":46,"column":5}},"line":22}},"branchMap":{"0":{"loc":{"start":{"line":28,"column":24},"end":{"line":28,"column":72}},"type":"binary-expr","locations":[{"start":{"line":28,"column":24},"end":{"line":28,"column":43}},{"start":{"line":28,"column":47},"end":{"line":28,"column":72}}],"line":28},"1":{"loc":{"start":{"line":31,"column":19},"end":{"line":31,"column":70}},"type":"binary-expr","locations":[{"start":{"line":31,"column":19},"end":{"line":31,"column":38}},{"start":{"line":31,"column":42},"end":{"line":31,"column":70}}],"line":31},"2":{"loc":{"start":{"line":32,"column":24},"end":{"line":32,"column":72}},"type":"binary-expr","locations":[{"start":{"line":32,"column":24},"end":{"line":32,"column":43}},{"start":{"line":32,"column":47},"end":{"line":32,"column":72}}],"line":32},"3":{"loc":{"start":{"line":33,"column":30},"end":{"line":33,"column":83}},"type":"binary-expr","locations":[{"start":{"line":33,"column":30},"end":{"line":33,"column":49}},{"start":{"line":33,"column":53},"end":{"line":33,"column":83}}],"line":33},"4":{"loc":{"start":{"line":34,"column":41},"end":{"line":34,"column":86}},"type":"binary-expr","locations":[{"start":{"line":34,"column":41},"end":{"line":34,"column":60}},{"start":{"line":34,"column":64},"end":{"line":34,"column":86}}],"line":34},"5":{"loc":{"start":{"line":37,"column":42},"end":{"line":37,"column":87}},"type":"binary-expr","locations":[{"start":{"line":37,"column":42},"end":{"line":37,"column":61}},{"start":{"line":37,"column":65},"end":{"line":37,"column":87}}],"line":37}},"s":{"0":1,"1":1,"2":1,"3":0,"4":0,"5":1},"f":{"0":1,"1":0,"2":1},"b":{"0":[1,0],"1":[1,0],"2":[1,0],"3":[1,0],"4":[1,0],"5":[1,0]},"_coverageSchema":"1a1c01bbd47fc00a2c39e90264f33305004495a9","hash":"838344d9020523662581ed7d8aaf5ad8290ce628"}
}
