TN:
SF:app/javascript/components/pages/EventEdit.js
FN:6,(anonymous_0)
FN:17,(anonymous_1)
FN:23,(anonymous_2)
FN:27,(anonymous_3)
FNF:4
FNH:3
FNDA:1,(anonymous_0)
FNDA:1,(anonymous_1)
FNDA:0,(anonymous_2)
FNDA:3,(anonymous_3)
DA:7,1
DA:8,1
DA:17,1
DA:18,1
DA:23,1
DA:24,0
DA:25,0
DA:28,3
LF:8
LH:6
BRDA:83,0,0,3
BRDA:83,0,1,0
BRF:2
BRH:1
end_of_record
TN:
SF:app/javascript/components/pages/EventHome.js
FN:4,(anonymous_0)
FNF:1
FNH:1
FNDA:1,(anonymous_0)
DA:5,1
LF:1
LH:1
BRF:0
BRH:0
end_of_record
TN:
SF:app/javascript/components/pages/EventIndex.js
FN:6,(anonymous_0)
FN:11,(anonymous_1)
FNF:2
FNH:1
FNDA:1,(anonymous_0)
FNDA:0,(anonymous_1)
DA:7,1
DA:12,0
DA:13,0
LF:3
LH:1
BRDA:11,0,0,1
BRDA:11,0,1,0
BRF:2
BRH:1
end_of_record
TN:
SF:app/javascript/components/pages/EventNew.js
FN:6,(anonymous_0)
FN:17,(anonymous_1)
FN:26,(anonymous_2)
FN:79,(anonymous_3)
FNF:4
FNH:2
FNDA:1,(anonymous_0)
FNDA:0,(anonymous_1)
FNDA:1,(anonymous_2)
FNDA:0,(anonymous_3)
DA:7,1
DA:8,1
DA:17,1
DA:18,0
DA:27,1
DA:80,0
DA:81,0
LF:7
LH:4
BRDA:85,0,0,1
BRDA:85,0,1,0
BRF:2
BRH:1
end_of_record
TN:
SF:app/javascript/components/pages/EventNotFound.js
FN:5,(anonymous_0)
FNF:1
FNH:1
FNDA:2,(anonymous_0)
DA:6,2
LF:1
LH:1
BRF:0
BRH:0
end_of_record
TN:
SF:app/javascript/components/pages/EventShow.js
FN:6,(anonymous_0)
FN:18,(anonymous_1)
FN:22,(anonymous_2)
FNF:3
FNH:2
FNDA:1,(anonymous_0)
FNDA:0,(anonymous_1)
FNDA:1,(anonymous_2)
DA:7,1
DA:8,1
DA:18,1
DA:19,0
DA:20,0
DA:23,1
LF:6
LH:4
BRDA:28,0,0,1
BRDA:28,0,1,0
BRDA:31,1,0,1
BRDA:31,1,1,0
BRDA:32,2,0,1
BRDA:32,2,1,0
BRDA:33,3,0,1
BRDA:33,3,1,0
BRDA:34,4,0,1
BRDA:34,4,1,0
BRDA:37,5,0,1
BRDA:37,5,1,0
BRF:12
BRH:6
end_of_record
